Started GET "/" for ::1 at 2020-05-24 16:11:27 +0300
  [1m[35m (4.9ms)[0m  [1m[34mSELECT sqlite_version(*)[0m
Processing by PagesController#index as HTML
  Rendering pages/index.html.erb within layouts/application
  Rendered pages/index.html.erb within layouts/application (Duration: 11.5ms | Allocations: 297)
[Webpacker] Compiling...
[Webpacker] Compiled all packs in f:/rails/my/jquery-slick-rails-demo/public/packs
[Webpacker] Hash: 15d1bb7b54cf6326b9ba
Version: webpack 4.43.0
Time: 2095ms
Built at: 05/24/2020 4:11:33 PM
                                     Asset       Size       Chunks                         Chunk Names
    js/application-9afcbb5693aa87623e69.js    124 KiB  application  [emitted] [immutable]  application
js/application-9afcbb5693aa87623e69.js.map    139 KiB  application  [emitted] [dev]        application
                             manifest.json  364 bytes               [emitted]              
Entrypoint application = js/application-9afcbb5693aa87623e69.js js/application-9afcbb5693aa87623e69.js.map
[./app/javascript/channels sync recursive _channel\.js$] ./app/javascript/channels sync _channel\.js$ 160 bytes {application} [built]
[./app/javascript/channels/index.js] 211 bytes {application} [built]
[./app/javascript/packs/application.js] 749 bytes {application} [built]
[./node_modules/webpack/buildin/module.js] (webpack)/buildin/module.js 552 bytes {application} [built]
    + 3 hidden modules

Completed 200 OK in 5662ms (Views: 5627.8ms | ActiveRecord: 0.0ms | Allocations: 48065)


Started GET "/" for ::1 at 2020-05-24 16:12:16 +0300
Processing by PagesController#index as HTML
  Rendering pages/index.html.erb within layouts/application
  Rendered pages/index.html.erb within layouts/application (Duration: 0.1ms | Allocations: 5)
[Webpacker] Compiling...
Started GET "/" for ::1 at 2020-05-24 16:12:18 +0300
  [1m[35m (0.1ms)[0m  [1m[34mSELECT sqlite_version(*)[0m
Processing by PagesController#index as HTML
  Rendering pages/index.html.erb within layouts/application
  Rendered pages/index.html.erb within layouts/application (Duration: 0.0ms | Allocations: 5)
[Webpacker] Compiling...
[Webpacker] Compilation failed:
Hash: d4c561a384ba2fdd31ef
Version: webpack 4.43.0
Time: 1106ms
Built at: 05/24/2020 4:12:21 PM
                                     Asset       Size       Chunks                         Chunk Names
    js/application-54443414d1dcdf4b2373.js    124 KiB  application  [emitted] [immutable]  application
js/application-54443414d1dcdf4b2373.js.map    139 KiB  application  [emitted] [dev]        application
                             manifest.json  364 bytes               [emitted]              
Entrypoint application = js/application-54443414d1dcdf4b2373.js js/application-54443414d1dcdf4b2373.js.map
[./app/javascript/channels sync recursive _channel\.js$] ./app/javascript/channels sync _channel\.js$ 160 bytes {application} [built]
[./app/javascript/channels/index.js] 211 bytes {application} [built]
[./app/javascript/packs/application.js] 775 bytes {application} [built]
[./node_modules/webpack/buildin/module.js] (webpack)/buildin/module.js 552 bytes {application} [built]
    + 3 hidden modules

ERROR in ./app/javascript/packs/application.js
Module not found: Error: Can't resolve 'jquery.slick' in 'f:\rails\my\jquery-slick-rails-demo\app\javascript\packs'
 @ ./app/javascript/packs/application.js 13:0-23

Completed 200 OK in 4201ms (Views: 4200.9ms | ActiveRecord: 0.0ms | Allocations: 19684)


[Webpacker] Compilation failed:
Hash: d4c561a384ba2fdd31ef
Version: webpack 4.43.0
Time: 953ms
Built at: 05/24/2020 4:12:22 PM
                                     Asset       Size       Chunks                         Chunk Names
    js/application-54443414d1dcdf4b2373.js    124 KiB  application  [emitted] [immutable]  application
js/application-54443414d1dcdf4b2373.js.map    139 KiB  application  [emitted] [dev]        application
                             manifest.json  364 bytes               [emitted]              
Entrypoint application = js/application-54443414d1dcdf4b2373.js js/application-54443414d1dcdf4b2373.js.map
[./app/javascript/channels sync recursive _channel\.js$] ./app/javascript/channels sync _channel\.js$ 160 bytes {application} [built]
[./app/javascript/channels/index.js] 211 bytes {application} [built]
[./app/javascript/packs/application.js] 775 bytes {application} [built]
[./node_modules/webpack/buildin/module.js] (webpack)/buildin/module.js 552 bytes {application} [built]
    + 3 hidden modules

ERROR in ./app/javascript/packs/application.js
Module not found: Error: Can't resolve 'jquery.slick' in 'f:\rails\my\jquery-slick-rails-demo\app\javascript\packs'
 @ ./app/javascript/packs/application.js 13:0-23

Completed 200 OK in 4088ms (Views: 4087.1ms | ActiveRecord: 0.0ms | Allocations: 11137)


Started GET "/" for ::1 at 2020-05-24 16:13:31 +0300
  [1m[35m (4.2ms)[0m  [1m[34mSELECT sqlite_version(*)[0m
Processing by PagesController#index as HTML
  Rendering pages/index.html.erb within layouts/application
  Rendered pages/index.html.erb within layouts/application (Duration: 4.1ms | Allocations: 297)
[Webpacker] Everything's up-to-date. Nothing to do
Completed 200 OK in 144ms (Views: 126.8ms | ActiveRecord: 0.0ms | Allocations: 16983)


Started GET "/" for ::1 at 2020-05-24 16:13:55 +0300
Processing by PagesController#index as HTML
  Rendering pages/index.html.erb within layouts/application
  Rendered pages/index.html.erb within layouts/application (Duration: 0.0ms | Allocations: 5)
[Webpacker] Everything's up-to-date. Nothing to do
Completed 200 OK in 53ms (Views: 52.5ms | ActiveRecord: 0.0ms | Allocations: 7065)


Started GET "/" for ::1 at 2020-05-24 16:18:09 +0300
  [1m[35m (4.3ms)[0m  [1m[34mSELECT sqlite_version(*)[0m
Processing by PagesController#index as HTML
  Rendering pages/index.html.erb within layouts/application
  Rendered pages/index.html.erb within layouts/application (Duration: 4.0ms | Allocations: 297)
[Webpacker] Compiling...
[Webpacker] Compiled all packs in f:/rails/my/jquery-slick-rails-demo/public/packs
[Webpacker] Hash: df86deca2847641daa29
Version: webpack 4.43.0
Time: 3203ms
Built at: 05/24/2020 4:18:15 PM
                                     Asset       Size       Chunks                         Chunk Names
    js/application-746bbd276ac34fa7a04c.js    507 KiB  application  [emitted] [immutable]  application
js/application-746bbd276ac34fa7a04c.js.map    594 KiB  application  [emitted] [dev]        application
                             manifest.json  364 bytes               [emitted]              
Entrypoint application = js/application-746bbd276ac34fa7a04c.js js/application-746bbd276ac34fa7a04c.js.map
[./app/javascript/channels sync recursive _channel\.js$] ./app/javascript/channels sync _channel\.js$ 160 bytes {application} [built]
[./app/javascript/channels/index.js] 211 bytes {application} [built]
[./app/javascript/packs/application.js] 797 bytes {application} [built]
[./node_modules/webpack/buildin/module.js] (webpack)/buildin/module.js 552 bytes {application} [built]
    + 5 hidden modules

Completed 200 OK in 6292ms (Views: 6274.8ms | ActiveRecord: 0.0ms | Allocations: 19450)


Started GET "/" for ::1 at 2020-05-24 16:18:32 +0300
Processing by PagesController#index as HTML
  Rendering pages/index.html.erb within layouts/application
  Rendered pages/index.html.erb within layouts/application (Duration: 0.0ms | Allocations: 5)
[Webpacker] Everything's up-to-date. Nothing to do
Completed 200 OK in 53ms (Views: 52.8ms | ActiveRecord: 0.0ms | Allocations: 7057)


Started GET "/" for ::1 at 2020-05-24 16:18:35 +0300
Processing by PagesController#index as HTML
  Rendering pages/index.html.erb within layouts/application
  Rendered pages/index.html.erb within layouts/application (Duration: 0.0ms | Allocations: 5)
[Webpacker] Everything's up-to-date. Nothing to do
Completed 200 OK in 61ms (Views: 52.0ms | ActiveRecord: 0.0ms | Allocations: 7060)


Started GET "/" for ::1 at 2020-05-24 16:19:29 +0300
Processing by PagesController#index as HTML
  Rendering pages/index.html.erb within layouts/application
  Rendered pages/index.html.erb within layouts/application (Duration: 0.0ms | Allocations: 4)
[Webpacker] Compiling...
[Webpacker] Compilation failed:
Hash: 212366877daa89f3b7e0
Version: webpack 4.43.0
Time: 1258ms
Built at: 05/24/2020 4:19:33 PM
                                     Asset       Size       Chunks                         Chunk Names
    js/application-1d6ee30b87e3a10e7fea.js    507 KiB  application  [emitted] [immutable]  application
js/application-1d6ee30b87e3a10e7fea.js.map    595 KiB  application  [emitted] [dev]        application
                             manifest.json  364 bytes               [emitted]              
Entrypoint application = js/application-1d6ee30b87e3a10e7fea.js js/application-1d6ee30b87e3a10e7fea.js.map
[./app/javascript/channels sync recursive _channel\.js$] ./app/javascript/channels sync _channel\.js$ 160 bytes {application} [built]
[./app/javascript/channels/index.js] 211 bytes {application} [built]
[./app/javascript/packs/application.js] 841 bytes {application} [built]
[./node_modules/webpack/buildin/module.js] (webpack)/buildin/module.js 552 bytes {application} [built]
    + 5 hidden modules

ERROR in ./app/javascript/packs/application.js
Module not found: Error: Can't resolve '../images' in 'f:\rails\my\jquery-slick-rails-demo\app\javascript\packs'
 @ ./app/javascript/packs/application.js 21:13-47

Completed 200 OK in 4243ms (Views: 4242.3ms | ActiveRecord: 0.0ms | Allocations: 9401)


Started GET "/" for ::1 at 2020-05-24 16:19:42 +0300
Processing by PagesController#index as HTML
  Rendering pages/index.html.erb within layouts/application
  Rendered pages/index.html.erb within layouts/application (Duration: 0.0ms | Allocations: 5)
[Webpacker] Compiling...
[Webpacker] Compiled all packs in f:/rails/my/jquery-slick-rails-demo/public/packs
[Webpacker] Hash: 3b7e728bc57655c7822c
Version: webpack 4.43.0
Time: 1241ms
Built at: 05/24/2020 4:19:47 PM
                                     Asset       Size       Chunks                         Chunk Names
    js/application-3a84dd7b047a49f8fe47.js    507 KiB  application  [emitted] [immutable]  application
js/application-3a84dd7b047a49f8fe47.js.map    595 KiB  application  [emitted] [dev]        application
                             manifest.json  364 bytes               [emitted]              
Entrypoint application = js/application-3a84dd7b047a49f8fe47.js js/application-3a84dd7b047a49f8fe47.js.map
[./app/javascript/channels sync recursive _channel\.js$] ./app/javascript/channels sync _channel\.js$ 160 bytes {application} [built]
[./app/javascript/channels/index.js] 211 bytes {application} [built]
[./app/javascript/packs/application.js] 816 bytes {application} [built]
[./node_modules/webpack/buildin/module.js] (webpack)/buildin/module.js 552 bytes {application} [built]
    + 5 hidden modules

Completed 200 OK in 4201ms (Views: 4200.4ms | ActiveRecord: 0.0ms | Allocations: 9489)


Started GET "/" for ::1 at 2020-05-24 16:20:41 +0300
Processing by PagesController#index as HTML
  Rendering pages/index.html.erb within layouts/application
  Rendered pages/index.html.erb within layouts/application (Duration: 0.0ms | Allocations: 4)
[Webpacker] Compiling...
[Webpacker] Compiled all packs in f:/rails/my/jquery-slick-rails-demo/public/packs
[Webpacker] Hash: 5b3be9bb36970dc7af7c
Version: webpack 4.43.0
Time: 1226ms
Built at: 05/24/2020 4:20:45 PM
                                     Asset       Size       Chunks                         Chunk Names
    js/application-65f5ff4f3fb563ae368c.js    507 KiB  application  [emitted] [immutable]  application
js/application-65f5ff4f3fb563ae368c.js.map    595 KiB  application  [emitted] [dev]        application
                             manifest.json  364 bytes               [emitted]              
Entrypoint application = js/application-65f5ff4f3fb563ae368c.js js/application-65f5ff4f3fb563ae368c.js.map
[./app/javascript/channels sync recursive _channel\.js$] ./app/javascript/channels sync _channel\.js$ 160 bytes {application} [built]
[./app/javascript/channels/index.js] 211 bytes {application} [built]
[./app/javascript/packs/application.js] 881 bytes {application} [built]
[./node_modules/webpack/buildin/module.js] (webpack)/buildin/module.js 552 bytes {application} [built]
    + 5 hidden modules

Completed 200 OK in 4192ms (Views: 4191.1ms | ActiveRecord: 0.0ms | Allocations: 9493)


Started GET "/" for ::1 at 2020-05-24 16:20:51 +0300
Processing by PagesController#index as HTML
  Rendering pages/index.html.erb within layouts/application
  Rendered pages/index.html.erb within layouts/application (Duration: 0.0ms | Allocations: 4)
[Webpacker] Compiling...
[Webpacker] Compiled all packs in f:/rails/my/jquery-slick-rails-demo/public/packs
[Webpacker] Hash: 06c2c6c4df8262da49cb
Version: webpack 4.43.0
Time: 1233ms
Built at: 05/24/2020 4:20:55 PM
                                     Asset       Size       Chunks                         Chunk Names
    js/application-bb55a5eb2b6d33701f75.js    507 KiB  application  [emitted] [immutable]  application
js/application-bb55a5eb2b6d33701f75.js.map    595 KiB  application  [emitted] [dev]        application
                             manifest.json  364 bytes               [emitted]              
Entrypoint application = js/application-bb55a5eb2b6d33701f75.js js/application-bb55a5eb2b6d33701f75.js.map
[./app/javascript/channels sync recursive _channel\.js$] ./app/javascript/channels sync _channel\.js$ 160 bytes {application} [built]
[./app/javascript/channels/index.js] 211 bytes {application} [built]
[./app/javascript/packs/application.js] 886 bytes {application} [built]
[./node_modules/webpack/buildin/module.js] (webpack)/buildin/module.js 552 bytes {application} [built]
    + 5 hidden modules

Completed 200 OK in 4192ms (Views: 4191.5ms | ActiveRecord: 0.0ms | Allocations: 9489)


Started GET "/" for ::1 at 2020-05-24 16:21:29 +0300
Processing by PagesController#index as HTML
  Rendering pages/index.html.erb within layouts/application
  Rendered pages/index.html.erb within layouts/application (Duration: 0.0ms | Allocations: 4)
[Webpacker] Compiling...
[Webpacker] Compiled all packs in f:/rails/my/jquery-slick-rails-demo/public/packs
[Webpacker] Hash: a3e440c7af81b8597310
Version: webpack 4.43.0
Time: 1266ms
Built at: 05/24/2020 4:21:33 PM
                                     Asset       Size       Chunks                         Chunk Names
    js/application-1ad7b7ead51bdaca671f.js    507 KiB  application  [emitted] [immutable]  application
js/application-1ad7b7ead51bdaca671f.js.map    595 KiB  application  [emitted] [dev]        application
                             manifest.json  364 bytes               [emitted]              
Entrypoint application = js/application-1ad7b7ead51bdaca671f.js js/application-1ad7b7ead51bdaca671f.js.map
[./app/javascript/channels sync recursive _channel\.js$] ./app/javascript/channels sync _channel\.js$ 160 bytes {application} [built]
[./app/javascript/channels/index.js] 211 bytes {application} [built]
[./app/javascript/packs/application.js] 889 bytes {application} [built]
[./node_modules/webpack/buildin/module.js] (webpack)/buildin/module.js 552 bytes {application} [built]
    + 5 hidden modules

Completed 200 OK in 4239ms (Views: 4238.3ms | ActiveRecord: 0.0ms | Allocations: 9518)


Started GET "/" for ::1 at 2020-05-24 16:24:37 +0300
  [1m[35m (4.5ms)[0m  [1m[34mSELECT sqlite_version(*)[0m
Processing by PagesController#index as HTML
  Rendering pages/index.html.erb within layouts/application
  Rendered pages/index.html.erb within layouts/application (Duration: 4.0ms | Allocations: 312)
[Webpacker] Compiling...
[Webpacker] Compiled all packs in f:/rails/my/jquery-slick-rails-demo/public/packs
[Webpacker] Hash: c7dd889407848d9fbeff
Version: webpack 4.43.0
Time: 1262ms
Built at: 05/24/2020 4:24:42 PM
                                     Asset       Size       Chunks                         Chunk Names
    js/application-8c24ad53092018a81188.js    507 KiB  application  [emitted] [immutable]  application
js/application-8c24ad53092018a81188.js.map    595 KiB  application  [emitted] [dev]        application
                             manifest.json  364 bytes               [emitted]              
Entrypoint application = js/application-8c24ad53092018a81188.js js/application-8c24ad53092018a81188.js.map
[./app/javascript/channels sync recursive _channel\.js$] ./app/javascript/channels sync _channel\.js$ 160 bytes {application} [built]
[./app/javascript/channels/index.js] 211 bytes {application} [built]
[./app/javascript/packs/application.js] 894 bytes {application} [built]
[./node_modules/webpack/buildin/module.js] (webpack)/buildin/module.js 552 bytes {application} [built]
    + 5 hidden modules

Completed 200 OK in 4586ms (Views: 4568.2ms | ActiveRecord: 0.0ms | Allocations: 46181)


Started GET "/" for ::1 at 2020-05-24 16:29:28 +0300
  [1m[35m (4.4ms)[0m  [1m[34mSELECT sqlite_version(*)[0m
Processing by PagesController#index as HTML
  Rendering pages/index.html.erb within layouts/application
  Rendered pages/index.html.erb within layouts/application (Duration: 4.0ms | Allocations: 312)
[Webpacker] Compiling...
[Webpacker] Compiled all packs in f:/rails/my/jquery-slick-rails-demo/public/packs
[Webpacker] Hash: 269e05dd36c837519252
Version: webpack 4.43.0
Time: 2214ms
Built at: 05/24/2020 4:29:34 PM
                                                 Asset       Size                   Chunks                         Chunk Names
                js/application-8c24ad53092018a81188.js    507 KiB              application  [emitted] [immutable]  application
            js/application-8c24ad53092018a81188.js.map    595 KiB              application  [emitted] [dev]        application
    js/stylesheets\application-d15cba80fb52252a191f.js   16.6 KiB  stylesheets\application  [emitted] [immutable]  stylesheets\application
js/stylesheets\application-d15cba80fb52252a191f.js.map     17 KiB  stylesheets\application  [emitted] [dev]        stylesheets\application
                                         manifest.json  788 bytes                           [emitted]              
Entrypoint application = js/application-8c24ad53092018a81188.js js/application-8c24ad53092018a81188.js.map
Entrypoint stylesheets\application = js/stylesheets\application-d15cba80fb52252a191f.js js/stylesheets\application-d15cba80fb52252a191f.js.map
[./app/javascript/channels sync recursive _channel\.js$] ./app/javascript/channels sync _channel\.js$ 160 bytes {application} [built]
[./app/javascript/channels/index.js] 211 bytes {application} [built]
[./app/javascript/packs/application.js] 894 bytes {application} [built]
[./app/javascript/packs/stylesheets/application.scss] 676 bytes {stylesheets\application} [built]
[./node_modules/css-loader/dist/cjs.js?!./node_modules/postcss-loader/src/index.js?!./node_modules/sass-loader/dist/cjs.js?!./app/javascript/packs/stylesheets/application.scss] ./node_modules/css-loader/dist/cjs.js??ref--7-1!./node_modules/postcss-loader/src??ref--7-2!./node_modules/sass-loader/dist/cjs.js??ref--7-3!./app/javascript/packs/stylesheets/application.scss 974 bytes {stylesheets\application} [built]
[./node_modules/webpack/buildin/module.js] (webpack)/buildin/module.js 552 bytes {application} [built]
    + 7 hidden modules

Completed 200 OK in 5241ms (Views: 5223.6ms | ActiveRecord: 0.0ms | Allocations: 7607)


Started GET "/" for ::1 at 2020-05-24 16:30:34 +0300
  [1m[35m (4.4ms)[0m  [1m[34mSELECT sqlite_version(*)[0m
Processing by PagesController#index as HTML
  Rendering pages/index.html.erb within layouts/application
  Rendered pages/index.html.erb within layouts/application (Duration: 3.9ms | Allocations: 312)
[Webpacker] Everything's up-to-date. Nothing to do
Completed 500 Internal Server Error in 89ms (ActiveRecord: 0.0ms | Allocations: 6358)


  
ActionView::Template::Error (Webpacker can't find application in f:/rails/my/jquery-slick-rails-demo/public/packs/manifest.json. Possible causes:
1. You want to set webpacker.yml value of compile to true for your environment
   unless you are using the `webpack -w` or the webpack-dev-server.
2. webpack has not yet re-run to reflect updates.
3. You have misconfigured Webpacker's config/webpacker.yml file.
4. Your webpack configuration is not creating a manifest.
Your manifest contains:
{
  "application.js": "/packs/js/application-8c24ad53092018a81188.js",
  "application.js.map": "/packs/js/application-8c24ad53092018a81188.js.map",
  "entrypoints": {
    "application": {
      "js": [
        "/packs/js/application-8c24ad53092018a81188.js"
      ],
      "js.map": [
        "/packs/js/application-8c24ad53092018a81188.js.map"
      ]
    },
    "stylesheets\\application": {
      "js": [
        "/packs/js/stylesheets/application-d15cba80fb52252a191f.js"
      ],
      "js.map": [
        "/packs/js/stylesheets/application-d15cba80fb52252a191f.js.map"
      ]
    }
  },
  "stylesheets/application.js": "/packs/js/stylesheets/application-d15cba80fb52252a191f.js",
  "stylesheets/application.js.map": "/packs/js/stylesheets/application-d15cba80fb52252a191f.js.map"
}
):
     5:     <%= csrf_meta_tags %>
     6:     <%= csp_meta_tag %>
     7: 
     8:     <%= stylesheet_pack_tag 'application', media: 'all', 'data-turbolinks-track': 'reload' %>
     9:     <%= javascript_pack_tag 'application', 'data-turbolinks-track': 'reload' %>
    10:   </head>
    11: 
  
app/views/layouts/application.html.erb:8
Started GET "/" for ::1 at 2020-05-24 16:33:53 +0300
  [1m[35m (4.4ms)[0m  [1m[34mSELECT sqlite_version(*)[0m
Processing by PagesController#index as HTML
  Rendering pages/index.html.erb within layouts/application
  Rendered pages/index.html.erb within layouts/application (Duration: 4.0ms | Allocations: 312)
[Webpacker] Compiling...
[Webpacker] Compilation failed:
Hash: a33e847f7e6efe780e0f
Version: webpack 4.43.0
Time: 1278ms
Built at: 05/24/2020 4:33:57 PM
                                     Asset       Size       Chunks                         Chunk Names
    js/application-2d8b7bd5f0bc6ff126a8.js    507 KiB  application  [emitted] [immutable]  application
js/application-2d8b7bd5f0bc6ff126a8.js.map    595 KiB  application  [emitted] [dev]        application
                             manifest.json  364 bytes               [emitted]              
Entrypoint application = js/application-2d8b7bd5f0bc6ff126a8.js js/application-2d8b7bd5f0bc6ff126a8.js.map
[./app/javascript/channels sync recursive _channel\.js$] ./app/javascript/channels sync _channel\.js$ 160 bytes {application} [built]
[./app/javascript/channels/index.js] 211 bytes {application} [built]
[./app/javascript/packs/application.js] 921 bytes {application} [built]
[./node_modules/webpack/buildin/module.js] (webpack)/buildin/module.js 552 bytes {application} [built]
    + 5 hidden modules

ERROR in ./app/javascript/packs/application.js
Module not found: Error: Can't resolve 'slick/slick.scss' in 'f:\rails\my\jquery-slick-rails-demo\app\javascript\packs'
 @ ./app/javascript/packs/application.js 17:0-26

Completed 200 OK in 4289ms (Views: 4271.2ms | ActiveRecord: 0.0ms | Allocations: 7484)


Started GET "/" for ::1 at 2020-05-24 16:35:20 +0300
Processing by PagesController#index as HTML
  Rendering pages/index.html.erb within layouts/application
  Rendered pages/index.html.erb within layouts/application (Duration: 0.4ms | Allocations: 85)
[Webpacker] Everything's up-to-date. Nothing to do
Completed 200 OK in 44ms (Views: 41.2ms | ActiveRecord: 0.0ms | Allocations: 3539)


Started GET "/" for ::1 at 2020-05-24 16:35:31 +0300
Processing by PagesController#index as HTML
  Rendering pages/index.html.erb within layouts/application
  Rendered pages/index.html.erb within layouts/application (Duration: 0.0ms | Allocations: 5)
[Webpacker] Compiling...
[Webpacker] Compilation failed:
Hash: a1501d78a994f1c07af8
Version: webpack 4.43.0
Time: 1252ms
Built at: 05/24/2020 4:35:35 PM
                                     Asset       Size       Chunks                         Chunk Names
    js/application-c32d10f5b306cf7418b4.js    507 KiB  application  [emitted] [immutable]  application
js/application-c32d10f5b306cf7418b4.js.map    595 KiB  application  [emitted] [dev]        application
                             manifest.json  364 bytes               [emitted]              
Entrypoint application = js/application-c32d10f5b306cf7418b4.js js/application-c32d10f5b306cf7418b4.js.map
[./app/javascript/channels sync recursive _channel\.js$] ./app/javascript/channels sync _channel\.js$ 160 bytes {application} [built]
[./app/javascript/channels/index.js] 211 bytes {application} [built]
[./app/javascript/packs/application.js] 923 bytes {application} [built]
[./node_modules/webpack/buildin/module.js] (webpack)/buildin/module.js 552 bytes {application} [built]
    + 5 hidden modules

ERROR in ./app/javascript/packs/application.js
Module not found: Error: Can't resolve '~/slick/slick.scss' in 'f:\rails\my\jquery-slick-rails-demo\app\javascript\packs'
 @ ./app/javascript/packs/application.js 17:0-28

Completed 200 OK in 4173ms (Views: 4172.2ms | ActiveRecord: 0.0ms | Allocations: 4925)


Started GET "/" for ::1 at 2020-05-24 16:35:59 +0300
Processing by PagesController#index as HTML
  Rendering pages/index.html.erb within layouts/application
  Rendered pages/index.html.erb within layouts/application (Duration: 0.0ms | Allocations: 4)
[Webpacker] Compiling...
[Webpacker] Compilation failed:
Hash: 10d58908fb862a68bae6
Version: webpack 4.43.0
Time: 1258ms
Built at: 05/24/2020 4:36:03 PM
                                     Asset       Size       Chunks                         Chunk Names
    js/application-f8a9fde6c689610b5893.js    507 KiB  application  [emitted] [immutable]  application
js/application-f8a9fde6c689610b5893.js.map    595 KiB  application  [emitted] [dev]        application
                             manifest.json  364 bytes               [emitted]              
Entrypoint application = js/application-f8a9fde6c689610b5893.js js/application-f8a9fde6c689610b5893.js.map
[./app/javascript/channels sync recursive _channel\.js$] ./app/javascript/channels sync _channel\.js$ 160 bytes {application} [built]
[./app/javascript/channels/index.js] 211 bytes {application} [built]
[./app/javascript/packs/application.js] 930 bytes {application} [built]
[./node_modules/webpack/buildin/module.js] (webpack)/buildin/module.js 552 bytes {application} [built]
    + 5 hidden modules

ERROR in ./app/javascript/packs/application.js
Module not found: Error: Can't resolve 'slick-carousel/slick.scss' in 'f:\rails\my\jquery-slick-rails-demo\app\javascript\packs'
 @ ./app/javascript/packs/application.js 17:0-35

Completed 200 OK in 4223ms (Views: 4222.4ms | ActiveRecord: 0.0ms | Allocations: 4933)


Started GET "/" for ::1 at 2020-05-24 16:36:09 +0300
Processing by PagesController#index as HTML
  Rendering pages/index.html.erb within layouts/application
  Rendered pages/index.html.erb within layouts/application (Duration: 0.0ms | Allocations: 5)
[Webpacker] Compiling...
[Webpacker] Compiled all packs in f:/rails/my/jquery-slick-rails-demo/public/packs
[Webpacker] Hash: b7f51c2dd00e73592689
Version: webpack 4.43.0
Time: 2128ms
Built at: 05/24/2020 4:36:14 PM
                                     Asset       Size       Chunks                         Chunk Names
    js/application-21d2bbc625b6b0e7fb70.js    525 KiB  application  [emitted] [immutable]  application
js/application-21d2bbc625b6b0e7fb70.js.map    613 KiB  application  [emitted] [dev]        application
                             manifest.json  364 bytes               [emitted]              
Entrypoint application = js/application-21d2bbc625b6b0e7fb70.js js/application-21d2bbc625b6b0e7fb70.js.map
[./app/javascript/channels sync recursive _channel\.js$] ./app/javascript/channels sync _channel\.js$ 160 bytes {application} [built]
[./app/javascript/channels/index.js] 211 bytes {application} [built]
[./app/javascript/packs/application.js] 936 bytes {application} [built]
[./node_modules/webpack/buildin/module.js] (webpack)/buildin/module.js 552 bytes {application} [built]
    + 9 hidden modules

Completed 200 OK in 5074ms (Views: 5073.7ms | ActiveRecord: 0.0ms | Allocations: 5001)


Started GET "/" for ::1 at 2020-05-24 16:38:41 +0300
Processing by PagesController#index as HTML
  Rendering pages/index.html.erb within layouts/application
  Rendered pages/index.html.erb within layouts/application (Duration: 0.0ms | Allocations: 4)
[Webpacker] Compiling...
[Webpacker] Compiled all packs in f:/rails/my/jquery-slick-rails-demo/public/packs
[Webpacker] Hash: 660b1d1e52fc7e738d86
Version: webpack 4.43.0
Time: 2177ms
Built at: 05/24/2020 4:38:47 PM
                                     Asset       Size       Chunks                         Chunk Names
    js/application-d28382b36d1d90f4e0c6.js    529 KiB  application  [emitted] [immutable]  application
js/application-d28382b36d1d90f4e0c6.js.map    615 KiB  application  [emitted] [dev]        application
                             manifest.json  364 bytes               [emitted]              
Entrypoint application = js/application-d28382b36d1d90f4e0c6.js js/application-d28382b36d1d90f4e0c6.js.map
[./app/javascript/channels sync recursive _channel\.js$] ./app/javascript/channels sync _channel\.js$ 160 bytes {application} [built]
[./app/javascript/channels/index.js] 211 bytes {application} [built]
[./app/javascript/packs/application.js] 973 bytes {application} [built]
[./app/javascript/styles/application.scss] 664 bytes {application} [built]
[./node_modules/css-loader/dist/cjs.js?!./node_modules/postcss-loader/src/index.js?!./node_modules/sass-loader/dist/cjs.js?!./app/javascript/styles/application.scss] ./node_modules/css-loader/dist/cjs.js??ref--7-1!./node_modules/postcss-loader/src??ref--7-2!./node_modules/sass-loader/dist/cjs.js??ref--7-3!./app/javascript/styles/application.scss 959 bytes {application} [built]
[./node_modules/webpack/buildin/module.js] (webpack)/buildin/module.js 552 bytes {application} [built]
    + 9 hidden modules

Completed 200 OK in 5175ms (Views: 5174.5ms | ActiveRecord: 0.0ms | Allocations: 5034)


Started GET "/" for ::1 at 2020-05-24 16:39:09 +0300
Processing by PagesController#index as HTML
  Rendering pages/index.html.erb within layouts/application
  Rendered pages/index.html.erb within layouts/application (Duration: 0.0ms | Allocations: 5)
[Webpacker] Compiling...
[Webpacker] Compiled all packs in f:/rails/my/jquery-slick-rails-demo/public/packs
[Webpacker] Hash: 92ff6ecc1ee27db0211a
Version: webpack 4.43.0
Time: 2246ms
Built at: 05/24/2020 4:39:14 PM
                                     Asset       Size       Chunks                         Chunk Names
    js/application-83a21424d05a757ee0bf.js    549 KiB  application  [emitted] [immutable]  application
js/application-83a21424d05a757ee0bf.js.map    633 KiB  application  [emitted] [dev]        application
                             manifest.json  718 bytes               [emitted]              
           media/fonts/slick-b7c9e1e4.woff   1.35 KiB               [emitted]              
            media/fonts/slick-ced611da.eot      2 KiB               [emitted]              
            media/fonts/slick-d41f55a7.ttf   1.85 KiB               [emitted]              
            media/fonts/slick-f97e3bbf.svg    2.1 KiB               [emitted]              
      media/slick/ajax-loader-c5cd7f53.gif   4.08 KiB               [emitted]              
Entrypoint application = js/application-83a21424d05a757ee0bf.js js/application-83a21424d05a757ee0bf.js.map
[./app/javascript/channels sync recursive _channel\.js$] ./app/javascript/channels sync _channel\.js$ 160 bytes {application} [built]
[./app/javascript/channels/index.js] 211 bytes {application} [built]
[./app/javascript/packs/application.js] 1020 bytes {application} [built]
[./app/javascript/styles/application.scss] 664 bytes {application} [built]
[./node_modules/css-loader/dist/cjs.js?!./node_modules/postcss-loader/src/index.js?!./node_modules/sass-loader/dist/cjs.js?!./app/javascript/styles/application.scss] ./node_modules/css-loader/dist/cjs.js??ref--7-1!./node_modules/postcss-loader/src??ref--7-2!./node_modules/sass-loader/dist/cjs.js??ref--7-3!./app/javascript/styles/application.scss 959 bytes {application} [built]
[./node_modules/webpack/buildin/module.js] (webpack)/buildin/module.js 552 bytes {application} [built]
    + 17 hidden modules

Completed 200 OK in 5194ms (Views: 5193.3ms | ActiveRecord: 0.0ms | Allocations: 5048)


